TN:
SF:src/app.ts
FNF:0
FNH:0
DA:1,1
DA:2,1
DA:3,1
DA:4,1
DA:5,1
DA:7,1
DA:8,1
DA:9,1
DA:11,1
DA:12,1
DA:14,1
LF:11
LH:11
BRF:0
BRH:0
end_of_record
TN:
SF:src/database.ts
FNF:0
FNH:0
DA:1,2
DA:3,2
DA:4,2
LF:3
LH:3
BRF:0
BRH:0
end_of_record
TN:
SF:src/controllers/recommendationController.ts
FN:6,insert
FN:17,upvote
FN:25,downvote
FN:33,random
FN:39,get
FN:44,getTop
FN:51,getById
FNF:7
FNH:7
FNDA:14,insert
FNDA:2,upvote
FNDA:3,downvote
FNDA:2,random
FNDA:1,get
FNDA:1,getTop
FNDA:2,getById
DA:2,1
DA:3,1
DA:4,1
DA:7,14
DA:8,14
DA:9,1
DA:12,13
DA:14,12
DA:18,2
DA:20,2
DA:22,1
DA:26,3
DA:28,3
DA:30,2
DA:34,2
DA:36,1
DA:40,1
DA:41,1
DA:45,1
DA:47,1
DA:48,1
DA:52,2
DA:54,2
DA:55,1
DA:58,1
LF:25
LH:25
BRDA:8,0,0,1
BRF:1
BRH:1
end_of_record
TN:
SF:src/middlewares/errorHandlerMiddleware.ts
FN:8,errorHandlerMiddleware
FNF:1
FNH:1
FNDA:6,errorHandlerMiddleware
DA:2,1
DA:8,1
DA:14,6
DA:16,6
DA:17,6
DA:20,0
LF:6
LH:5
BRDA:16,0,0,6
BRF:1
BRH:1
end_of_record
TN:
SF:src/routers/recommendationRouter.ts
FNF:0
FNH:0
DA:1,1
DA:2,1
DA:4,1
DA:6,1
DA:7,1
DA:8,1
DA:9,1
DA:10,1
DA:11,1
DA:12,1
DA:14,1
LF:11
LH:11
BRF:0
BRH:0
end_of_record
TN:
SF:src/schemas/recommendationsSchemas.ts
FNF:0
FNH:0
DA:1,1
DA:4,1
DA:6,1
LF:3
LH:3
BRF:0
BRH:0
end_of_record
TN:
SF:src/services/recommendationsService.ts
FN:7,insert
FN:17,upvote
FN:23,downvote
FN:36,getByIdOrFail
FN:43,get
FN:47,getTop
FN:51,getRandom
FN:64,getByScore
FN:77,getScoreFilter
FNF:9
FNH:9
FNDA:15,insert
FNDA:4,upvote
FNDA:6,downvote
FNDA:14,getByIdOrFail
FNDA:2,get
FNDA:2,getTop
FNDA:4,getRandom
FNDA:4,getByScore
FNDA:4,getScoreFilter
DA:2,2
DA:3,2
DA:8,15
DA:11,15
DA:12,2
DA:14,13
DA:18,4
DA:20,2
DA:24,6
DA:26,4
DA:31,4
DA:32,2
DA:37,14
DA:38,14
DA:40,8
DA:44,2
DA:48,2
DA:52,4
DA:53,4
DA:55,4
DA:56,4
DA:57,2
DA:60,2
DA:61,2
DA:65,4
DA:70,4
DA:71,1
DA:74,3
DA:78,4
DA:79,3
DA:81,1
DA:84,2
LF:32
LH:32
BRDA:11,0,0,2
BRDA:31,1,0,2
BRDA:38,2,0,6
BRDA:56,3,0,2
BRDA:70,4,0,1
BRDA:78,5,0,3
BRF:6
BRH:6
end_of_record
